[debug] [2021-09-06T16:45:29.941Z] ----------------------------------------------------------------------
[debug] [2021-09-06T16:45:29.944Z] Command:       F:\nodejs\node.exe C:\Users\abey\AppData\Roaming\npm\node_modules\firebase-tools\lib\bin\firebase.js init
[debug] [2021-09-06T16:45:29.945Z] CLI Version:   9.17.0
[debug] [2021-09-06T16:45:29.946Z] Platform:      win32
[debug] [2021-09-06T16:45:29.946Z] Node Version:  v14.17.4
[debug] [2021-09-06T16:45:29.947Z] Time:          Mon Sep 06 2021 09:45:29 GMT-0700 (Pacific Daylight Time)
[debug] [2021-09-06T16:45:29.948Z] ----------------------------------------------------------------------
[debug] 
[debug] [2021-09-06T16:45:30.047Z] > command requires scopes: ["email","openid","https://www.googleapis.com/auth/cloudplatformprojects.readonly","https://www.googleapis.com/auth/firebase","https://www.googleapis.com/auth/cloud-platform"]
[debug] [2021-09-06T16:45:30.047Z] > authorizing via signed-in user (bruckabey@gmail.com)
[info] 
     ######## #### ########  ######## ########     ###     ######  ########
     ##        ##  ##     ## ##       ##     ##  ##   ##  ##       ##
     ######    ##  ########  ######   ########  #########  ######  ######
     ##        ##  ##    ##  ##       ##     ## ##     ##       ## ##
     ##       #### ##     ## ######## ########  ##     ##  ######  ########

You're about to initialize a Firebase project in this directory:

  F:\projects\MERN_Projects\tinder_clone

Before we get started, keep in mind:

  * You are initializing within an existing Firebase project directory

